<?xml version="1.0" encoding="UTF-8"?>
<!-- Generated by org.testng.reporters.JUnitReportReporter -->
<testsuite hostname="DESKTOP-3D33GQ4" failures="0" tests="1" name="Sanity.CTest" time="0.001" errors="0" timestamp="2020-11-04T18:39:44 IST" skipped="0">
  <testcase classname="Sanity.CTest" name="thirdTest" time="0.001"/>
  <system-out/>
</testsuite> <!-- Sanity.CTest -->
