<?xml version="1.0" encoding="UTF-8"?>
<!-- Generated by org.testng.reporters.JUnitReportReporter -->
<testsuite hostname="DESKTOP-3D33GQ4" failures="0" tests="3" name="Regression.LoginTest" time="16.574" errors="0" timestamp="2020-11-10T17:14:13 IST" skipped="0">
  <testcase classname="Regression.LoginTest" name="LoginTestcase" time="3.596"/>
  <system-out/>
  <testcase classname="Regression.LoginTest" name="CompareCostofTwoProduc1t" time="12.976"/>
  <system-out/>
  <testcase classname="Regression.LoginTest" name="ThirdTest" time="0.002"/>
  <system-out/>
</testsuite> <!-- Regression.LoginTest -->
